<?xml version="1.0" encoding="UTF-8"?>
<!-- Generated by org.testng.reporters.JUnitXMLReporter -->
<testsuite ignored="0" hostname="DESKTOP-QQJINFP" failures="0" tests="3" name="Test" time="6.031" errors="0" timestamp="2024-07-30T19:42:41 ART">
  <testcase classname="pruebas.PracticaM5Test" name="iniciarSesion" time="2.485"/>
  <testcase classname="pruebas.PracticaM5Test" name="iniciarSesion" time="1.796"/>
  <testcase classname="pruebas.PracticaM5Test" name="iniciarSesion" time="1.677"/>
</testsuite> <!-- Test -->
